<?xml version="1.0" encoding="UTF-8"?>
<testsuite xmlns:xsi="http://www.w3.org/2001/XMLSchema-instance" xsi:noNamespaceSchemaLocation="https://maven.apache.org/surefire/maven-surefire-plugin/xsd/surefire-test-report.xsd" version="3.0.2" name="sia.tacocloud.HomeControllerTest" time="0.28" tests="1" errors="0" skipped="0" failures="0">
  <properties>
[...]
</properties>
  <testcase name="testHomePage" classname="sia.tacocloud.HomeControllerTest" time="0.149">
    <system-out><![CDATA[2025-01-24T22:07:04.828+03:00  INFO 90020 --- [taco-cloud] [           main] t.c.s.AnnotationConfigContextLoaderUtils : Could not detect default configuration classes for test class [sia.tacocloud.HomeControllerTest]: HomeControllerTest does not declare any static, non-private, non-final, nested classes annotated with @Configuration.
2025-01-24T22:07:04.838+03:00  INFO 90020 --- [taco-cloud] [           main] .b.t.c.SpringBootTestContextBootstrapper : Found @SpringBootConfiguration sia.tacocloud.TacoCloudApplication for test class sia.tacocloud.HomeControllerTest
2025-01-24T22:07:04.841+03:00  INFO 90020 --- [taco-cloud] [           main] o.s.b.d.r.RestartApplicationListener     : Restart disabled due to context in which it is running

  .   ____          _            __ _ _
 /\\ / ___'_ __ _ _(_)_ __  __ _ \ \ \ \
( ( )\___ | '_ | '_| | '_ \/ _` | \ \ \ \
 \\/  ___)| |_)| | | | | || (_| |  ) ) ) )
  '  |____| .__|_| |_|_| |_\__, | / / / /
 =========|_|==============|___/=/_/_/_/

 :: Spring Boot ::                (v3.4.0)

2025-01-24T22:07:04.853+03:00  INFO 90020 --- [taco-cloud] [           main] sia.tacocloud.HomeControllerTest         : Starting HomeControllerTest using Java 22.0.1 with PID 90020 (started by sergey in /Users/sergey/Downloads/taco-cloud/taco-cloud)
2025-01-24T22:07:04.853+03:00  INFO 90020 --- [taco-cloud] [           main] sia.tacocloud.HomeControllerTest         : No active profile set, falling back to 1 default profile: "default"
2025-01-24T22:07:04.949+03:00  INFO 90020 --- [taco-cloud] [           main] o.s.b.t.m.w.SpringBootMockServletContext : Initializing Spring TestDispatcherServlet ''
2025-01-24T22:07:04.949+03:00  INFO 90020 --- [taco-cloud] [           main] o.s.t.web.servlet.TestDispatcherServlet  : Initializing Servlet ''
2025-01-24T22:07:04.950+03:00  INFO 90020 --- [taco-cloud] [           main] o.s.t.web.servlet.TestDispatcherServlet  : Completed initialization in 0 ms
2025-01-24T22:07:04.955+03:00  INFO 90020 --- [taco-cloud] [           main] sia.tacocloud.HomeControllerTest         : Started HomeControllerTest in 0.114 seconds (process running for 1.722)
]]></system-out>
  </testcase>
</testsuite>